12-Jun-2020 21:07:43.611 警告 [main] org.apache.catalina.startup.SetAllPropertiesRule.begin [SetAllPropertiesRule]{Server/Service/Connector} Setting property 'URLEncoding' to 'UTF-8' did not find a matching property.
12-Jun-2020 21:07:43.653 信息 [main] org.apache.catalina.startup.VersionLoggerListener.log Server.服务器版本: Apache Tomcat/8.5.55
12-Jun-2020 21:07:43.654 信息 [main] org.apache.catalina.startup.VersionLoggerListener.log 服务器构建:        May 5 2020 22:10:54 UTC
12-Jun-2020 21:07:43.655 信息 [main] org.apache.catalina.startup.VersionLoggerListener.log 服务器版本号(:     8.5.55.0
12-Jun-2020 21:07:43.655 信息 [main] org.apache.catalina.startup.VersionLoggerListener.log 操作系统名称:      Windows 10
12-Jun-2020 21:07:43.655 信息 [main] org.apache.catalina.startup.VersionLoggerListener.log OS.版本:           10.0
12-Jun-2020 21:07:43.655 信息 [main] org.apache.catalina.startup.VersionLoggerListener.log 架构:              amd64
12-Jun-2020 21:07:43.655 信息 [main] org.apache.catalina.startup.VersionLoggerListener.log Java 环境变量:     F:\Java\jdk1.8.0_231\jre
12-Jun-2020 21:07:43.656 信息 [main] org.apache.catalina.startup.VersionLoggerListener.log Java虚拟机版本:    1.8.0_231-b11
12-Jun-2020 21:07:43.656 信息 [main] org.apache.catalina.startup.VersionLoggerListener.log JVM.供应商:        Oracle Corporation
12-Jun-2020 21:07:43.656 信息 [main] org.apache.catalina.startup.VersionLoggerListener.log CATALINA_BASE:     E:\JAVA\apache-tomcat-8.5.55
12-Jun-2020 21:07:43.656 信息 [main] org.apache.catalina.startup.VersionLoggerListener.log CATALINA_HOME:     E:\JAVA\apache-tomcat-8.5.55
12-Jun-2020 21:07:43.656 信息 [main] org.apache.catalina.startup.VersionLoggerListener.log 命令行参数：-Djava.util.logging.config.file=E:\JAVA\apache-tomcat-8.5.55\conf\logging.properties
12-Jun-2020 21:07:43.657 信息 [main] org.apache.catalina.startup.VersionLoggerListener.log 命令行参数：-Djava.util.logging.manager=org.apache.juli.ClassLoaderLogManager
12-Jun-2020 21:07:43.657 信息 [main] org.apache.catalina.startup.VersionLoggerListener.log 命令行参数：-Djdk.tls.ephemeralDHKeySize=2048
12-Jun-2020 21:07:43.657 信息 [main] org.apache.catalina.startup.VersionLoggerListener.log 命令行参数：-Djava.protocol.handler.pkgs=org.apache.catalina.webresources
12-Jun-2020 21:07:43.657 信息 [main] org.apache.catalina.startup.VersionLoggerListener.log 命令行参数：-Dignore.endorsed.dirs=
12-Jun-2020 21:07:43.657 信息 [main] org.apache.catalina.startup.VersionLoggerListener.log 命令行参数：-Dcatalina.base=E:\JAVA\apache-tomcat-8.5.55
12-Jun-2020 21:07:43.658 信息 [main] org.apache.catalina.startup.VersionLoggerListener.log 命令行参数：-Dcatalina.home=E:\JAVA\apache-tomcat-8.5.55
12-Jun-2020 21:07:43.658 信息 [main] org.apache.catalina.startup.VersionLoggerListener.log 命令行参数：-Djava.io.tmpdir=E:\JAVA\apache-tomcat-8.5.55\temp
12-Jun-2020 21:07:43.659 信息 [main] org.apache.catalina.core.AprLifecycleListener.lifecycleEvent 使用APR版本[1.7.0]加载了基于APR的Apache Tomcat本机库[1.2.24]。
12-Jun-2020 21:07:43.659 信息 [main] org.apache.catalina.core.AprLifecycleListener.lifecycleEvent APR功能：IPv6[true]、sendfile[true]、accept filters[false]、random[true]。
12-Jun-2020 21:07:43.660 信息 [main] org.apache.catalina.core.AprLifecycleListener.lifecycleEvent APR/OpenSSL配置：useAprConnector[false]，useOpenSSL[true]
12-Jun-2020 21:07:43.672 信息 [main] org.apache.catalina.core.AprLifecycleListener.initializeSSL OpenSSL成功初始化 [OpenSSL 1.1.1g  21 Apr 2020]
12-Jun-2020 21:07:43.766 信息 [main] org.apache.coyote.AbstractProtocol.init 初始化协议处理器 ["http-nio-8080"]
12-Jun-2020 21:07:44.602 信息 [main] org.apache.tomcat.util.net.NioSelectorPool.getSharedSelector Using a shared selector for servlet write/read
12-Jun-2020 21:07:44.612 信息 [main] org.apache.catalina.startup.Catalina.load Initialization processed in 1309 ms
12-Jun-2020 21:07:44.644 信息 [main] org.apache.catalina.core.StandardService.startInternal 正在启动服务[Catalina]
12-Jun-2020 21:07:44.645 信息 [main] org.apache.catalina.core.StandardEngine.startInternal Starting Servlet Engine: Apache Tomcat/8.5.55
12-Jun-2020 21:07:44.723 信息 [localhost-startStop-1] org.apache.catalina.startup.HostConfig.deployWAR 正在部署web应用程序存档文件[E:\JAVA\apache-tomcat-8.5.55\webapps\webproject_war.war]
12-Jun-2020 21:07:44.854 警告 [localhost-startStop-1] org.apache.tomcat.util.descriptor.web.WebXml.setVersion 未知版本字符串 [4.0]。将使用默认版本。
12-Jun-2020 21:07:44.958 信息 [localhost-startStop-1] org.apache.catalina.startup.HostConfig.deployWAR web应用程序存档文件[E:\JAVA\apache-tomcat-8.5.55\webapps\webproject_war.war]的部署已在[233]ms内完成
12-Jun-2020 21:07:44.971 信息 [localhost-startStop-1] org.apache.catalina.startup.HostConfig.deployDirectory 把web 应用程序部署到目录 [E:\JAVA\apache-tomcat-8.5.55\webapps\docs]
12-Jun-2020 21:07:45.016 信息 [localhost-startStop-1] org.apache.catalina.startup.HostConfig.deployDirectory Web应用程序目录[E:\JAVA\apache-tomcat-8.5.55\webapps\docs]的部署已在[45]毫秒内完成
12-Jun-2020 21:07:45.016 信息 [localhost-startStop-1] org.apache.catalina.startup.HostConfig.deployDirectory 把web 应用程序部署到目录 [E:\JAVA\apache-tomcat-8.5.55\webapps\examples]
12-Jun-2020 21:07:45.373 信息 [localhost-startStop-1] org.apache.catalina.startup.HostConfig.deployDirectory Web应用程序目录[E:\JAVA\apache-tomcat-8.5.55\webapps\examples]的部署已在[357]毫秒内完成
12-Jun-2020 21:07:45.373 信息 [localhost-startStop-1] org.apache.catalina.startup.HostConfig.deployDirectory 把web 应用程序部署到目录 [E:\JAVA\apache-tomcat-8.5.55\webapps\host-manager]
12-Jun-2020 21:07:45.407 信息 [localhost-startStop-1] org.apache.catalina.startup.HostConfig.deployDirectory Web应用程序目录[E:\JAVA\apache-tomcat-8.5.55\webapps\host-manager]的部署已在[34]毫秒内完成
12-Jun-2020 21:07:45.408 信息 [localhost-startStop-1] org.apache.catalina.startup.HostConfig.deployDirectory 把web 应用程序部署到目录 [E:\JAVA\apache-tomcat-8.5.55\webapps\manager]
12-Jun-2020 21:07:45.427 信息 [localhost-startStop-1] org.apache.catalina.startup.HostConfig.deployDirectory Web应用程序目录[E:\JAVA\apache-tomcat-8.5.55\webapps\manager]的部署已在[19]毫秒内完成
12-Jun-2020 21:07:45.427 信息 [localhost-startStop-1] org.apache.catalina.startup.HostConfig.deployDirectory 把web 应用程序部署到目录 [E:\JAVA\apache-tomcat-8.5.55\webapps\myweb]
12-Jun-2020 21:07:45.463 信息 [localhost-startStop-1] org.apache.catalina.startup.HostConfig.deployDirectory Web应用程序目录[E:\JAVA\apache-tomcat-8.5.55\webapps\myweb]的部署已在[36]毫秒内完成
12-Jun-2020 21:07:45.463 信息 [localhost-startStop-1] org.apache.catalina.startup.HostConfig.deployDirectory 把web 应用程序部署到目录 [E:\JAVA\apache-tomcat-8.5.55\webapps\ROOT]
12-Jun-2020 21:07:45.493 信息 [localhost-startStop-1] org.apache.catalina.startup.HostConfig.deployDirectory Web应用程序目录[E:\JAVA\apache-tomcat-8.5.55\webapps\ROOT]的部署已在[29]毫秒内完成
12-Jun-2020 21:07:45.493 信息 [localhost-startStop-1] org.apache.catalina.startup.HostConfig.deployDirectory 把web 应用程序部署到目录 [E:\JAVA\apache-tomcat-8.5.55\webapps\webproject]
12-Jun-2020 21:07:45.530 警告 [localhost-startStop-1] org.apache.tomcat.util.descriptor.web.WebXml.setVersion 未知版本字符串 [4.0]。将使用默认版本。
12-Jun-2020 21:07:45.546 信息 [localhost-startStop-1] org.apache.catalina.startup.HostConfig.deployDirectory Web应用程序目录[E:\JAVA\apache-tomcat-8.5.55\webapps\webproject]的部署已在[53]毫秒内完成
12-Jun-2020 21:07:45.548 信息 [main] org.apache.coyote.AbstractProtocol.start 开始协议处理句柄["http-nio-8080"]
12-Jun-2020 21:07:45.558 信息 [main] org.apache.catalina.startup.Catalina.start Server startup in 945 ms
12-Jun-2020 21:09:32.709 信息 [main] org.apache.catalina.core.StandardServer.await 通过关闭端口接收到有效的关闭命令。正在停止服务器实例。
12-Jun-2020 21:09:32.709 信息 [main] org.apache.coyote.AbstractProtocol.pause 暂停ProtocolHandler["http-nio-8080"]
12-Jun-2020 21:09:33.479 信息 [main] org.apache.catalina.core.StandardService.stopInternal 正在停止服务[Catalina]
12-Jun-2020 21:09:33.501 信息 [main] org.apache.coyote.AbstractProtocol.stop 正在停止ProtocolHandler ["http-nio-8080"]
12-Jun-2020 21:09:33.502 信息 [main] org.apache.coyote.AbstractProtocol.destroy 正在摧毁协议处理器 ["http-nio-8080"]
12-Jun-2020 21:09:47.624 严重 [main] org.apache.catalina.startup.Catalina.stopServer Could not contact [localhost:8005]. Tomcat may not be running.
